{"message":"Exception while loading configuration file: No such file or directory @ rb_sysopen - /Users/steinth6/dev/eventhub-processor2/config/demo.json","@timestamp":"2017-11-27T14:09:08.161+01:00","@version":"1","severity":"WARN","host":"C02NL02SG3QP","app_name":"demo","env":"development"}
{"message":"Using default configuration values","@timestamp":"2017-11-27T14:09:08.162+01:00","@version":"1","severity":"INFO","host":"C02NL02SG3QP","app_name":"demo","env":"development"}
{"message":"demo: has been started","@timestamp":"2017-11-27T14:09:08.162+01:00","@version":"1","severity":"INFO","host":"C02NL02SG3QP","app_name":"demo","env":"development"}
{"message":"hearbeat","@timestamp":"2017-11-27T14:09:08.162+01:00","@version":"1","severity":"INFO","host":"C02NL02SG3QP","app_name":"demo","env":"development"}
{"message":"watchdog","@timestamp":"2017-11-27T14:09:08.162+01:00","@version":"1","severity":"INFO","host":"C02NL02SG3QP","app_name":"demo","env":"development"}
{"message":"is listening...","@timestamp":"2017-11-27T14:09:08.162+01:00","@version":"1","severity":"INFO","host":"C02NL02SG3QP","app_name":"demo","env":"development"}
{"message":"is listening...","@timestamp":"2017-11-27T14:09:13.167+01:00","@version":"1","severity":"INFO","host":"C02NL02SG3QP","app_name":"demo","env":"development"}
{"message":"is listening...","@timestamp":"2017-11-27T14:09:18.169+01:00","@version":"1","severity":"INFO","host":"C02NL02SG3QP","app_name":"demo","env":"development"}
{"message":"watchdog","@timestamp":"2017-11-27T14:09:23.167+01:00","@version":"1","severity":"INFO","host":"C02NL02SG3QP","app_name":"demo","env":"development"}
{"message":"is listening...","@timestamp":"2017-11-27T14:09:23.172+01:00","@version":"1","severity":"INFO","host":"C02NL02SG3QP","app_name":"demo","env":"development"}
{"message":"is listening...","@timestamp":"2017-11-27T14:09:28.175+01:00","@version":"1","severity":"INFO","host":"C02NL02SG3QP","app_name":"demo","env":"development"}
{"message":"is listening...","@timestamp":"2017-11-27T14:09:33.180+01:00","@version":"1","severity":"INFO","host":"C02NL02SG3QP","app_name":"demo","env":"development"}
{"message":"watchdog","@timestamp":"2017-11-27T14:09:38.171+01:00","@version":"1","severity":"INFO","host":"C02NL02SG3QP","app_name":"demo","env":"development"}
{"message":"is listening...","@timestamp":"2017-11-27T14:09:38.183+01:00","@version":"1","severity":"INFO","host":"C02NL02SG3QP","app_name":"demo","env":"development"}
{"message":"is listening...","@timestamp":"2017-11-27T14:09:43.186+01:00","@version":"1","severity":"INFO","host":"C02NL02SG3QP","app_name":"demo","env":"development"}
{"message":"is listening...","@timestamp":"2017-11-27T14:09:48.190+01:00","@version":"1","severity":"INFO","host":"C02NL02SG3QP","app_name":"demo","env":"development"}
{"message":"watchdog","@timestamp":"2017-11-27T14:09:53.174+01:00","@version":"1","severity":"INFO","host":"C02NL02SG3QP","app_name":"demo","env":"development"}
{"message":"is listening...","@timestamp":"2017-11-27T14:09:53.195+01:00","@version":"1","severity":"INFO","host":"C02NL02SG3QP","app_name":"demo","env":"development"}
{"message":"is listening...","@timestamp":"2017-11-27T14:09:58.197+01:00","@version":"1","severity":"INFO","host":"C02NL02SG3QP","app_name":"demo","env":"development"}
{"message":"is listening...","@timestamp":"2017-11-27T14:10:03.202+01:00","@version":"1","severity":"INFO","host":"C02NL02SG3QP","app_name":"demo","env":"development"}
{"message":"watchdog","@timestamp":"2017-11-27T14:10:08.176+01:00","@version":"1","severity":"INFO","host":"C02NL02SG3QP","app_name":"demo","env":"development"}
{"message":"is listening...","@timestamp":"2017-11-27T14:10:08.205+01:00","@version":"1","severity":"INFO","host":"C02NL02SG3QP","app_name":"demo","env":"development"}
{"message":"is listening...","@timestamp":"2017-11-27T14:10:13.211+01:00","@version":"1","severity":"INFO","host":"C02NL02SG3QP","app_name":"demo","env":"development"}
{"message":"is listening...","@timestamp":"2017-11-27T14:10:18.211+01:00","@version":"1","severity":"INFO","host":"C02NL02SG3QP","app_name":"demo","env":"development"}
{"message":"watchdog","@timestamp":"2017-11-27T14:10:23.179+01:00","@version":"1","severity":"INFO","host":"C02NL02SG3QP","app_name":"demo","env":"development"}
{"message":"is listening...","@timestamp":"2017-11-27T14:10:23.217+01:00","@version":"1","severity":"INFO","host":"C02NL02SG3QP","app_name":"demo","env":"development"}
{"message":"is listening...","@timestamp":"2017-11-27T14:10:28.220+01:00","@version":"1","severity":"INFO","host":"C02NL02SG3QP","app_name":"demo","env":"development"}
{"message":"is listening...","@timestamp":"2017-11-27T14:10:33.223+01:00","@version":"1","severity":"INFO","host":"C02NL02SG3QP","app_name":"demo","env":"development"}
{"message":"watchdog","@timestamp":"2017-11-27T14:10:38.180+01:00","@version":"1","severity":"INFO","host":"C02NL02SG3QP","app_name":"demo","env":"development"}
{"message":"is listening...","@timestamp":"2017-11-27T14:10:38.224+01:00","@version":"1","severity":"INFO","host":"C02NL02SG3QP","app_name":"demo","env":"development"}
{"message":"is listening...","@timestamp":"2017-11-27T14:10:43.228+01:00","@version":"1","severity":"INFO","host":"C02NL02SG3QP","app_name":"demo","env":"development"}
{"message":"is listening...","@timestamp":"2017-11-27T14:10:48.232+01:00","@version":"1","severity":"INFO","host":"C02NL02SG3QP","app_name":"demo","env":"development"}
{"message":"watchdog","@timestamp":"2017-11-27T14:10:53.181+01:00","@version":"1","severity":"INFO","host":"C02NL02SG3QP","app_name":"demo","env":"development"}
{"message":"is listening...","@timestamp":"2017-11-27T14:10:53.237+01:00","@version":"1","severity":"INFO","host":"C02NL02SG3QP","app_name":"demo","env":"development"}
{"message":"is listening...","@timestamp":"2017-11-27T14:10:58.237+01:00","@version":"1","severity":"INFO","host":"C02NL02SG3QP","app_name":"demo","env":"development"}
{"message":"is listening...","@timestamp":"2017-11-27T14:11:03.242+01:00","@version":"1","severity":"INFO","host":"C02NL02SG3QP","app_name":"demo","env":"development"}
{"message":"watchdog","@timestamp":"2017-11-27T14:11:08.181+01:00","@version":"1","severity":"INFO","host":"C02NL02SG3QP","app_name":"demo","env":"development"}
{"message":"is listening...","@timestamp":"2017-11-27T14:11:08.247+01:00","@version":"1","severity":"INFO","host":"C02NL02SG3QP","app_name":"demo","env":"development"}
{"message":"is listening...","@timestamp":"2017-11-27T14:11:13.248+01:00","@version":"1","severity":"INFO","host":"C02NL02SG3QP","app_name":"demo","env":"development"}
{"message":"is listening...","@timestamp":"2017-11-27T14:11:18.253+01:00","@version":"1","severity":"INFO","host":"C02NL02SG3QP","app_name":"demo","env":"development"}
{"message":"watchdog","@timestamp":"2017-11-27T14:11:23.184+01:00","@version":"1","severity":"INFO","host":"C02NL02SG3QP","app_name":"demo","env":"development"}
{"message":"is listening...","@timestamp":"2017-11-27T14:11:23.256+01:00","@version":"1","severity":"INFO","host":"C02NL02SG3QP","app_name":"demo","env":"development"}
{"message":"is listening...","@timestamp":"2017-11-27T14:11:28.261+01:00","@version":"1","severity":"INFO","host":"C02NL02SG3QP","app_name":"demo","env":"development"}
{"message":"demo: has been stopped","@timestamp":"2017-11-27T14:11:31.038+01:00","@version":"1","severity":"INFO","host":"C02NL02SG3QP","app_name":"demo","env":"development"}
