{"message":"Exception while loading configuration file: no implicit conversion of nil into String","@timestamp":"2017-11-27T14:12:13.521+01:00","@version":"1","severity":"WARN","host":"C02NL02SG3QP","app_name":"undefined","env":"development"}
{"message":"Using default configuration values","@timestamp":"2017-11-27T14:12:13.521+01:00","@version":"1","severity":"INFO","host":"C02NL02SG3QP","app_name":"undefined","env":"development"}
{"message":"Exception while loading configuration file: no implicit conversion of nil into String","@timestamp":"2017-11-27T14:12:13.523+01:00","@version":"1","severity":"WARN","host":"C02NL02SG3QP","app_name":"undefined","env":"development"}
{"message":"Using default configuration values","@timestamp":"2017-11-27T14:12:13.524+01:00","@version":"1","severity":"INFO","host":"C02NL02SG3QP","app_name":"undefined","env":"development"}
{"message":"Exception while loading configuration file: no implicit conversion of nil into String","@timestamp":"2017-11-27T14:12:13.525+01:00","@version":"1","severity":"WARN","host":"C02NL02SG3QP","app_name":"undefined","env":"development"}
{"message":"Using default configuration values","@timestamp":"2017-11-27T14:12:13.525+01:00","@version":"1","severity":"INFO","host":"C02NL02SG3QP","app_name":"undefined","env":"development"}
{"message":"Argument Parsing: missing argument: -e","@timestamp":"2017-11-27T14:12:13.528+01:00","@version":"1","severity":"WARN","host":"C02NL02SG3QP","app_name":"undefined","env":"development"}
{"message":"Argument Parsing: invalid option: -k","@timestamp":"2017-11-27T14:12:13.529+01:00","@version":"1","severity":"WARN","host":"C02NL02SG3QP","app_name":"undefined","env":"development"}
{"message":"Exception while loading configuration file: No such file or directory @ rb_sysopen - /Users/steinth6/dev/eventhub-processor2/config/processor2.json","@timestamp":"2017-11-27T14:12:13.530+01:00","@version":"1","severity":"WARN","host":"C02NL02SG3QP","app_name":"undefined","env":"development"}
{"message":"Using default configuration values","@timestamp":"2017-11-27T14:12:13.530+01:00","@version":"1","severity":"INFO","host":"C02NL02SG3QP","app_name":"undefined","env":"development"}
{"message":"Exception while loading configuration file: No such file or directory @ rb_sysopen - /Users/steinth6/dev/eventhub-processor2/config/processor2.json","@timestamp":"2017-11-27T14:12:13.531+01:00","@version":"1","severity":"WARN","host":"C02NL02SG3QP","app_name":"undefined","env":"development"}
{"message":"Using default configuration values","@timestamp":"2017-11-27T14:12:13.531+01:00","@version":"1","severity":"INFO","host":"C02NL02SG3QP","app_name":"undefined","env":"development"}
{"message":"Exception while loading configuration file: No such file or directory @ rb_sysopen - /Users/steinth6/dev/eventhub-processor2/config/processor2.json","@timestamp":"2017-11-27T14:12:13.531+01:00","@version":"1","severity":"WARN","host":"C02NL02SG3QP","app_name":"undefined","env":"development"}
{"message":"Using default configuration values","@timestamp":"2017-11-27T14:12:13.532+01:00","@version":"1","severity":"INFO","host":"C02NL02SG3QP","app_name":"undefined","env":"development"}
{"message":"Exception while loading configuration file: No such file or directory @ rb_sysopen - /Users/steinth6/dev/eventhub-processor2/config/processor2.json","@timestamp":"2017-11-27T14:12:13.532+01:00","@version":"1","severity":"WARN","host":"C02NL02SG3QP","app_name":"undefined","env":"development"}
{"message":"Using default configuration values","@timestamp":"2017-11-27T14:12:13.532+01:00","@version":"1","severity":"INFO","host":"C02NL02SG3QP","app_name":"undefined","env":"development"}
{"message":"Exception while loading configuration file: No such file or directory @ rb_sysopen - /Users/steinth6/dev/eventhub-processor2/config/processor2.json","@timestamp":"2017-11-27T14:12:13.533+01:00","@version":"1","severity":"WARN","host":"C02NL02SG3QP","app_name":"undefined","env":"development"}
{"message":"Using default configuration values","@timestamp":"2017-11-27T14:12:13.533+01:00","@version":"1","severity":"INFO","host":"C02NL02SG3QP","app_name":"undefined","env":"development"}
{"message":"processor2: has been started","@timestamp":"2017-11-27T14:12:13.534+01:00","@version":"1","severity":"INFO","host":"C02NL02SG3QP","app_name":"undefined","env":"development"}
{"message":"is listening...","@timestamp":"2017-11-27T14:12:13.534+01:00","@version":"1","severity":"INFO","host":"C02NL02SG3QP","app_name":"undefined","env":"development"}
{"message":"watchdog","@timestamp":"2017-11-27T14:12:13.534+01:00","@version":"1","severity":"INFO","host":"C02NL02SG3QP","app_name":"undefined","env":"development"}
{"message":"hearbeat","@timestamp":"2017-11-27T14:12:13.534+01:00","@version":"1","severity":"INFO","host":"C02NL02SG3QP","app_name":"undefined","env":"development"}
{"message":"processor2: has been stopped","@timestamp":"2017-11-27T14:12:14.039+01:00","@version":"1","severity":"INFO","host":"C02NL02SG3QP","app_name":"undefined","env":"development"}
